# JRE version: Java(TM) SE Runtime Environment (24.0.1+9) (build 24.0.1+9-30)
# Java VM: Java HotSpot(TM) 64-Bit Server VM (24.0.1+9-30, mixed mode, sharing, tiered, compressed oops, compressed class ptrs, g1 gc, windows-amd64)
GC Precious Log:
 CardTable entry size: 512
 Card Set container configuration: InlinePtr #cards 5 size 8 Array Of Cards #cards 10 size 36 Howl #buckets 4 coarsen threshold 1843 Howl Bitmap #cards 512 size 80 coarsen threshold 460 Card regions per heap region 1 cards per card region 2048
 CPUs: 8 total, 8 available
 Memory: 7835M
 Large Page Support: Disabled
 NUMA Support: Disabled
 Compressed Oops: Enabled (32-bit)
 Heap Region Size: 1M
 Heap Min Capacity: 8M
 Heap Initial Capacity: 124M
 Heap Max Capacity: 1960M
 Pre-touch: Disabled
 Parallel Workers: 8
 Concurrent Workers: 2
 Concurrent Refinement Workers: 8
 Periodic GC: Disabled
Heap:
 garbage-first heap   total reserved 2007040K, committed 56320K, used 43158K [0x0000000085800000, 0x0000000100000000)
  region size 1024K, 21 young (21504K), 2 survivors (2048K)
 Metaspace       used 50158K, committed 50688K, reserved 1114112K
  class space    used 5289K, committed 5504K, reserved 1048576K
GC Heap History (20 events):
Event: 1957.911 GC heap before
{Heap before GC invocations=16 (full 1):
 garbage-first heap   total reserved 2007040K, committed 56320K, used 36897K [0x0000000085800000, 0x0000000100000000)
  region size 1024K, 15 young (15360K), 2 survivors (2048K)
 Metaspace       used 48575K, committed 49152K, reserved 1114112K
  class space    used 5209K, committed 5440K, reserved 1048576K
}
Event: 1958.107 GC heap after
{Heap after GC invocations=17 (full 2):
 garbage-first heap   total reserved 2007040K, committed 56320K, used 19392K [0x0000000085800000, 0x0000000100000000)
  region size 1024K, 0 young (0K), 0 survivors (0K)
 Metaspace       used 48530K, committed 49152K, reserved 1114112K
  class space    used 5196K, committed 5440K, reserved 1048576K
}
Event: 1958.986 GC heap before
{Heap before GC invocations=17 (full 2):
 garbage-first heap   total reserved 2007040K, committed 56320K, used 47040K [0x0000000085800000, 0x0000000100000000)
  region size 1024K, 28 young (28672K), 0 survivors (0K)
 Metaspace       used 48882K, committed 49408K, reserved 1114112K
  class space    used 5218K, committed 5440K, reserved 1048576K
}
Event: 1958.991 GC heap after
{Heap after GC invocations=18 (full 2):
 garbage-first heap   total reserved 2007040K, committed 56320K, used 22401K [0x0000000085800000, 0x0000000100000000)
  region size 1024K, 3 young (3072K), 3 survivors (3072K)
 Metaspace       used 48882K, committed 49408K, reserved 1114112K
  class space    used 5218K, committed 5440K, reserved 1048576K
}
Event: 1959.218 GC heap before
{Heap before GC invocations=18 (full 2):
 garbage-first heap   total reserved 2007040K, committed 56320K, used 46977K [0x0000000085800000, 0x0000000100000000)
  region size 1024K, 27 young (27648K), 3 survivors (3072K)
 Metaspace       used 49100K, committed 49728K, reserved 1114112K
  class space    used 5229K, committed 5504K, reserved 1048576K
}
Event: 1959.221 GC heap after
{Heap after GC invocations=19 (full 2):
 garbage-first heap   total reserved 2007040K, committed 56320K, used 23590K [0x0000000085800000, 0x0000000100000000)
  region size 1024K, 2 young (2048K), 2 survivors (2048K)
 Metaspace       used 49100K, committed 49728K, reserved 1114112K
  class space    used 5229K, committed 5504K, reserved 1048576K
}
Event: 1961.250 GC heap before
{Heap before GC invocations=19 (full 2):
 garbage-first heap   total reserved 2007040K, committed 56320K, used 32806K [0x0000000085800000, 0x0000000100000000)
  region size 1024K, 12 young (12288K), 2 survivors (2048K)
 Metaspace       used 49175K, committed 49792K, reserved 1114112K
  class space    used 5233K, committed 5504K, reserved 1048576K
}
Event: 1961.290 GC heap after
{Heap after GC invocations=20 (full 3):
 garbage-first heap   total reserved 2007040K, committed 56320K, used 19675K [0x0000000085800000, 0x0000000100000000)
  region size 1024K, 0 young (0K), 0 survivors (0K)
 Metaspace       used 49103K, committed 49792K, reserved 1114112K
  class space    used 5213K, committed 5504K, reserved 1048576K
}
Event: 1961.721 GC heap before
{Heap before GC invocations=20 (full 3):
 garbage-first heap   total reserved 2007040K, committed 56320K, used 48347K [0x0000000085800000, 0x0000000100000000)
  region size 1024K, 28 young (28672K), 0 survivors (0K)
 Metaspace       used 49357K, committed 49920K, reserved 1114112K
  class space    used 5234K, committed 5504K, reserved 1048576K
}
Event: 1961.724 GC heap after
{Heap after GC invocations=21 (full 3):
 garbage-first heap   total reserved 2007040K, committed 56320K, used 22817K [0x0000000085800000, 0x0000000100000000)
  region size 1024K, 4 young (4096K), 4 survivors (4096K)
 Metaspace       used 49357K, committed 49920K, reserved 1114112K
  class space    used 5234K, committed 5504K, reserved 1048576K
}
Event: 1961.811 GC heap before
{Heap before GC invocations=21 (full 3):
 garbage-first heap   total reserved 2007040K, committed 56320K, used 45345K [0x0000000085800000, 0x0000000100000000)
  region size 1024K, 26 young (26624K), 4 survivors (4096K)
 Metaspace       used 49497K, committed 50112K, reserved 1114112K
  class space    used 5243K, committed 5504K, reserved 1048576K
}
Event: 1961.814 GC heap after
{Heap after GC invocations=22 (full 3):
 garbage-first heap   total reserved 2007040K, committed 56320K, used 23765K [0x0000000085800000, 0x0000000100000000)
  region size 1024K, 2 young (2048K), 2 survivors (2048K)
 Metaspace       used 49497K, committed 50112K, reserved 1114112K
  class space    used 5243K, committed 5504K, reserved 1048576K
}
Event: 1974.448 GC heap before
{Heap before GC invocations=22 (full 3):
 garbage-first heap   total reserved 2007040K, committed 56320K, used 36053K [0x0000000085800000, 0x0000000100000000)
  region size 1024K, 15 young (15360K), 2 survivors (2048K)
 Metaspace       used 49578K, committed 50176K, reserved 1114112K
  class space    used 5251K, committed 5504K, reserved 1048576K
}
Event: 1974.513 GC heap after
{Heap after GC invocations=23 (full 4):
 garbage-first heap   total reserved 2007040K, committed 56320K, used 19914K [0x0000000085800000, 0x0000000100000000)
  region size 1024K, 0 young (0K), 0 survivors (0K)
 Metaspace       used 49575K, committed 50176K, reserved 1114112K
  class space    used 5250K, committed 5504K, reserved 1048576K
}
Event: 1974.979 GC heap before
{Heap before GC invocations=23 (full 4):
 garbage-first heap   total reserved 2007040K, committed 56320K, used 47562K [0x0000000085800000, 0x0000000100000000)
  region size 1024K, 27 young (27648K), 0 survivors (0K)
 Metaspace       used 49816K, committed 50368K, reserved 1114112K
  class space    used 5272K, committed 5504K, reserved 1048576K
}
Event: 1974.982 GC heap after
{Heap after GC invocations=24 (full 4):
 garbage-first heap   total reserved 2007040K, committed 56320K, used 22846K [0x0000000085800000, 0x0000000100000000)
  region size 1024K, 3 young (3072K), 3 survivors (3072K)
 Metaspace       used 49816K, committed 50368K, reserved 1114112K
  class space    used 5272K, committed 5504K, reserved 1048576K
}
Event: 1975.080 GC heap before
{Heap before GC invocations=24 (full 4):
 garbage-first heap   total reserved 2007040K, committed 56320K, used 47422K [0x0000000085800000, 0x0000000100000000)
  region size 1024K, 27 young (27648K), 3 survivors (3072K)
 Metaspace       used 49980K, committed 50496K, reserved 1114112K
  class space    used 5280K, committed 5504K, reserved 1048576K
}
Event: 1975.083 GC heap after
{Heap after GC invocations=25 (full 4):
 garbage-first heap   total reserved 2007040K, committed 56320K, used 24147K [0x0000000085800000, 0x0000000100000000)
  region size 1024K, 2 young (2048K), 2 survivors (2048K)
 Metaspace       used 49980K, committed 50496K, reserved 1114112K
  class space    used 5280K, committed 5504K, reserved 1048576K
}
Event: 2296.709 GC heap before
{Heap before GC invocations=25 (full 4):
 garbage-first heap   total reserved 2007040K, committed 56320K, used 47699K [0x0000000085800000, 0x0000000100000000)
  region size 1024K, 25 young (25600K), 2 survivors (2048K)
 Metaspace       used 50070K, committed 50560K, reserved 1114112K
  class space    used 5285K, committed 5504K, reserved 1048576K
}
Event: 2296.862 GC heap after
{Heap after GC invocations=26 (full 4):
 garbage-first heap   total reserved 2007040K, committed 56320K, used 24726K [0x0000000085800000, 0x0000000100000000)
  region size 1024K, 2 young (2048K), 2 survivors (2048K)
 Metaspace       used 50070K, committed 50560K, reserved 1114112K
  class space    used 5285K, committed 5504K, reserved 1048576K
}

